<?xml version="1.0" encoding="UTF-8"?>
<!-- Generated by org.testng.reporters.JUnitReportReporter -->
<testsuite hostname="Germain-PC1" failures="0" tests="1" name="com.automation.app.OrderCompleteTest" time="62.053" errors="0" timestamp="2023-10-29T13:16:29 MDT" skipped="0">
  <testcase classname="com.automation.app.OrderCompleteTest" name="endToEndTest" time="62.053"/>
</testsuite> <!-- com.automation.app.OrderCompleteTest -->
